# JRE version: Java(TM) SE Runtime Environment (21.0.2+13) (build 21.0.2+13-LTS-58)
# Java VM: Java HotSpot(TM) 64-Bit Server VM (21.0.2+13-LTS-58, mixed mode, emulated-client, sharing, tiered, compressed oops, compressed class ptrs, g1 gc, windows-amd64)
GC Precious Log:
 CardTable entry size: 512
 Card Set container configuration: InlinePtr #cards 5 size 8 Array Of Cards #cards 12 size 40 Howl #buckets 4 coarsen threshold 1843 Howl Bitmap #cards 512 size 80 coarsen threshold 460 Card regions per heap region 1 cards per card region 2048
 CPUs: 6 total, 6 available
 Memory: 4094M
 Large Page Support: Disabled
 NUMA Support: Disabled
 Compressed Oops: Enabled (32-bit)
 Heap Region Size: 1M
 Heap Min Capacity: 8M
 Heap Initial Capacity: 64M
 Heap Max Capacity: 1G
 Pre-touch: Disabled
 Parallel Workers: 6
 Concurrent Workers: 2
 Concurrent Refinement Workers: 6
 Periodic GC: Disabled
Heap:
 garbage-first heap   total 235520K, used 190976K [0x00000000c0000000, 0x0000000100000000)
  region size 1024K, 9 young (9216K), 4 survivors (4096K)
 Metaspace       used 94286K, committed 95872K, reserved 1179648K
  class space    used 13743K, committed 14336K, reserved 1048576K
GC Heap History (20 events):
Event: 28.861 GC heap before
{Heap before GC invocations=25 (full 0):
 garbage-first heap   total 97280K, used 87148K [0x00000000c0000000, 0x0000000100000000)
  region size 1024K, 33 young (33792K), 3 survivors (3072K)
 Metaspace       used 94471K, committed 95552K, reserved 1179648K
  class space    used 13823K, committed 14272K, reserved 1048576K
}
Event: 28.865 GC heap after
{Heap after GC invocations=26 (full 0):
 garbage-first heap   total 97280K, used 58495K [0x00000000c0000000, 0x0000000100000000)
  region size 1024K, 5 young (5120K), 5 survivors (5120K)
 Metaspace       used 94471K, committed 95552K, reserved 1179648K
  class space    used 13823K, committed 14272K, reserved 1048576K
}
Event: 37.214 GC heap before
{Heap before GC invocations=27 (full 0):
 garbage-first heap   total 104448K, used 85119K [0x00000000c0000000, 0x0000000100000000)
  region size 1024K, 31 young (31744K), 5 survivors (5120K)
 Metaspace       used 94782K, committed 95872K, reserved 1179648K
  class space    used 13873K, committed 14336K, reserved 1048576K
}
Event: 37.218 GC heap after
{Heap after GC invocations=28 (full 0):
 garbage-first heap   total 104448K, used 66223K [0x00000000c0000000, 0x0000000100000000)
  region size 1024K, 4 young (4096K), 4 survivors (4096K)
 Metaspace       used 94782K, committed 95872K, reserved 1179648K
  class space    used 13873K, committed 14336K, reserved 1048576K
}
Event: 37.599 GC heap before
{Heap before GC invocations=28 (full 0):
 garbage-first heap   total 104448K, used 90799K [0x00000000c0000000, 0x0000000100000000)
  region size 1024K, 28 young (28672K), 4 survivors (4096K)
 Metaspace       used 94782K, committed 95872K, reserved 1179648K
  class space    used 13873K, committed 14336K, reserved 1048576K
}
Event: 37.608 GC heap after
{Heap after GC invocations=29 (full 0):
 garbage-first heap   total 113664K, used 81088K [0x00000000c0000000, 0x0000000100000000)
  region size 1024K, 4 young (4096K), 4 survivors (4096K)
 Metaspace       used 94782K, committed 95872K, reserved 1179648K
  class space    used 13873K, committed 14336K, reserved 1048576K
}
Event: 37.833 GC heap before
{Heap before GC invocations=29 (full 0):
 garbage-first heap   total 113664K, used 95424K [0x00000000c0000000, 0x0000000100000000)
  region size 1024K, 18 young (18432K), 4 survivors (4096K)
 Metaspace       used 94784K, committed 95872K, reserved 1179648K
  class space    used 13873K, committed 14336K, reserved 1048576K
}
Event: 37.837 GC heap after
{Heap after GC invocations=30 (full 0):
 garbage-first heap   total 113664K, used 92113K [0x00000000c0000000, 0x0000000100000000)
  region size 1024K, 3 young (3072K), 3 survivors (3072K)
 Metaspace       used 94784K, committed 95872K, reserved 1179648K
  class space    used 13873K, committed 14336K, reserved 1048576K
}
Event: 38.039 GC heap before
{Heap before GC invocations=31 (full 0):
 garbage-first heap   total 158720K, used 100305K [0x00000000c0000000, 0x0000000100000000)
  region size 1024K, 11 young (11264K), 3 survivors (3072K)
 Metaspace       used 94139K, committed 95872K, reserved 1179648K
  class space    used 13708K, committed 14336K, reserved 1048576K
}
Event: 38.042 GC heap after
{Heap after GC invocations=32 (full 0):
 garbage-first heap   total 158720K, used 98011K [0x00000000c0000000, 0x0000000100000000)
  region size 1024K, 2 young (2048K), 2 survivors (2048K)
 Metaspace       used 94139K, committed 95872K, reserved 1179648K
  class space    used 13708K, committed 14336K, reserved 1048576K
}
Event: 38.581 GC heap before
{Heap before GC invocations=32 (full 0):
 garbage-first heap   total 158720K, used 123611K [0x00000000c0000000, 0x0000000100000000)
  region size 1024K, 27 young (27648K), 2 survivors (2048K)
 Metaspace       used 94139K, committed 95872K, reserved 1179648K
  class space    used 13708K, committed 14336K, reserved 1048576K
}
Event: 38.590 GC heap after
{Heap after GC invocations=33 (full 0):
 garbage-first heap   total 190464K, used 114152K [0x00000000c0000000, 0x0000000100000000)
  region size 1024K, 4 young (4096K), 4 survivors (4096K)
 Metaspace       used 94139K, committed 95872K, reserved 1179648K
  class space    used 13708K, committed 14336K, reserved 1048576K
}
Event: 39.117 GC heap before
{Heap before GC invocations=33 (full 0):
 garbage-first heap   total 190464K, used 145896K [0x00000000c0000000, 0x0000000100000000)
  region size 1024K, 35 young (35840K), 4 survivors (4096K)
 Metaspace       used 94140K, committed 95872K, reserved 1179648K
  class space    used 13708K, committed 14336K, reserved 1048576K
}
Event: 39.124 GC heap after
{Heap after GC invocations=34 (full 0):
 garbage-first heap   total 190464K, used 135129K [0x00000000c0000000, 0x0000000100000000)
  region size 1024K, 5 young (5120K), 5 survivors (5120K)
 Metaspace       used 94140K, committed 95872K, reserved 1179648K
  class space    used 13708K, committed 14336K, reserved 1048576K
}
Event: 39.437 GC heap before
{Heap before GC invocations=35 (full 0):
 garbage-first heap   total 235520K, used 156633K [0x00000000c0000000, 0x0000000100000000)
  region size 1024K, 26 young (26624K), 5 survivors (5120K)
 Metaspace       used 94286K, committed 95872K, reserved 1179648K
  class space    used 13743K, committed 14336K, reserved 1048576K
}
Event: 39.443 GC heap after
{Heap after GC invocations=36 (full 0):
 garbage-first heap   total 235520K, used 148992K [0x00000000c0000000, 0x0000000100000000)
  region size 1024K, 4 young (4096K), 4 survivors (4096K)
 Metaspace       used 94286K, committed 95872K, reserved 1179648K
  class space    used 13743K, committed 14336K, reserved 1048576K
}
Event: 40.015 GC heap before
{Heap before GC invocations=36 (full 0):
 garbage-first heap   total 235520K, used 183808K [0x00000000c0000000, 0x0000000100000000)
  region size 1024K, 38 young (38912K), 4 survivors (4096K)
 Metaspace       used 94286K, committed 95872K, reserved 1179648K
  class space    used 13743K, committed 14336K, reserved 1048576K
}
Event: 40.024 GC heap after
{Heap after GC invocations=37 (full 0):
 garbage-first heap   total 235520K, used 169472K [0x00000000c0000000, 0x0000000100000000)
  region size 1024K, 5 young (5120K), 5 survivors (5120K)
 Metaspace       used 94286K, committed 95872K, reserved 1179648K
  class space    used 13743K, committed 14336K, reserved 1048576K
}
Event: 40.477 GC heap before
{Heap before GC invocations=37 (full 0):
 garbage-first heap   total 235520K, used 195072K [0x00000000c0000000, 0x0000000100000000)
  region size 1024K, 30 young (30720K), 5 survivors (5120K)
 Metaspace       used 94286K, committed 95872K, reserved 1179648K
  class space    used 13743K, committed 14336K, reserved 1048576K
}
Event: 40.483 GC heap after
{Heap after GC invocations=38 (full 0):
 garbage-first heap   total 235520K, used 186880K [0x00000000c0000000, 0x0000000100000000)
  region size 1024K, 4 young (4096K), 4 survivors (4096K)
 Metaspace       used 94286K, committed 95872K, reserved 1179648K
  class space    used 13743K, committed 14336K, reserved 1048576K
}

