# JRE version: Java(TM) SE Runtime Environment (21.0.2+13) (build 21.0.2+13-LTS-58)
# Java VM: Java HotSpot(TM) 64-Bit Server VM (21.0.2+13-LTS-58, mixed mode, emulated-client, sharing, tiered, compressed oops, compressed class ptrs, g1 gc, windows-amd64)
GC Precious Log:
 CardTable entry size: 512
 Card Set container configuration: InlinePtr #cards 5 size 8 Array Of Cards #cards 12 size 40 Howl #buckets 4 coarsen threshold 1843 Howl Bitmap #cards 512 size 80 coarsen threshold 460 Card regions per heap region 1 cards per card region 2048
 CPUs: 6 total, 6 available
 Memory: 4094M
 Large Page Support: Disabled
 NUMA Support: Disabled
 Compressed Oops: Enabled (32-bit)
 Heap Region Size: 1M
 Heap Min Capacity: 8M
 Heap Initial Capacity: 64M
 Heap Max Capacity: 1G
 Pre-touch: Disabled
 Parallel Workers: 6
 Concurrent Workers: 2
 Concurrent Refinement Workers: 6
 Periodic GC: Disabled
Heap:
 garbage-first heap   total 184320K, used 145408K [0x00000000c0000000, 0x0000000100000000)
  region size 1024K, 6 young (6144K), 4 survivors (4096K)
 Metaspace       used 94263K, committed 96064K, reserved 1179648K
  class space    used 13736K, committed 14400K, reserved 1048576K
GC Heap History (20 events):
Event: 12.925 GC heap before
{Heap before GC invocations=29 (full 0):
 garbage-first heap   total 89088K, used 79616K [0x00000000c0000000, 0x0000000100000000)
  region size 1024K, 30 young (30720K), 4 survivors (4096K)
 Metaspace       used 91185K, committed 92224K, reserved 1179648K
  class space    used 13302K, committed 13760K, reserved 1048576K
}
Event: 12.929 GC heap after
{Heap after GC invocations=30 (full 0):
 garbage-first heap   total 89088K, used 55242K [0x00000000c0000000, 0x0000000100000000)
  region size 1024K, 2 young (2048K), 2 survivors (2048K)
 Metaspace       used 91185K, committed 92224K, reserved 1179648K
  class space    used 13302K, committed 13760K, reserved 1048576K
}
Event: 19.097 GC heap before
{Heap before GC invocations=31 (full 0):
 garbage-first heap   total 94208K, used 79818K [0x00000000c0000000, 0x0000000100000000)
  region size 1024K, 27 young (27648K), 2 survivors (2048K)
 Metaspace       used 93691K, committed 94720K, reserved 1179648K
  class space    used 13707K, committed 14144K, reserved 1048576K
}
Event: 19.105 GC heap after
{Heap after GC invocations=32 (full 0):
 garbage-first heap   total 94208K, used 57337K [0x00000000c0000000, 0x0000000100000000)
  region size 1024K, 4 young (4096K), 4 survivors (4096K)
 Metaspace       used 93691K, committed 94720K, reserved 1179648K
  class space    used 13707K, committed 14144K, reserved 1048576K
}
Event: 53.525 GC heap before
{Heap before GC invocations=32 (full 0):
 garbage-first heap   total 94208K, used 82937K [0x00000000c0000000, 0x0000000100000000)
  region size 1024K, 30 young (30720K), 4 survivors (4096K)
 Metaspace       used 94982K, committed 96064K, reserved 1179648K
  class space    used 13922K, committed 14400K, reserved 1048576K
}
Event: 53.530 GC heap after
{Heap after GC invocations=33 (full 0):
 garbage-first heap   total 94208K, used 57675K [0x00000000c0000000, 0x0000000100000000)
  region size 1024K, 2 young (2048K), 2 survivors (2048K)
 Metaspace       used 94982K, committed 96064K, reserved 1179648K
  class space    used 13922K, committed 14400K, reserved 1048576K
}
Event: 54.397 GC heap before
{Heap before GC invocations=33 (full 0):
 garbage-first heap   total 94208K, used 85323K [0x00000000c0000000, 0x0000000100000000)
  region size 1024K, 29 young (29696K), 2 survivors (2048K)
 Metaspace       used 94982K, committed 96064K, reserved 1179648K
  class space    used 13922K, committed 14400K, reserved 1048576K
}
Event: 54.404 GC heap after
{Heap after GC invocations=34 (full 0):
 garbage-first heap   total 105472K, used 75178K [0x00000000c0000000, 0x0000000100000000)
  region size 1024K, 4 young (4096K), 4 survivors (4096K)
 Metaspace       used 94982K, committed 96064K, reserved 1179648K
  class space    used 13922K, committed 14400K, reserved 1048576K
}
Event: 54.838 GC heap before
{Heap before GC invocations=35 (full 0):
 garbage-first heap   total 130048K, used 90538K [0x00000000c0000000, 0x0000000100000000)
  region size 1024K, 19 young (19456K), 4 survivors (4096K)
 Metaspace       used 94302K, committed 96064K, reserved 1179648K
  class space    used 13747K, committed 14400K, reserved 1048576K
}
Event: 54.844 GC heap after
{Heap after GC invocations=36 (full 0):
 garbage-first heap   total 130048K, used 85897K [0x00000000c0000000, 0x0000000100000000)
  region size 1024K, 3 young (3072K), 3 survivors (3072K)
 Metaspace       used 94302K, committed 96064K, reserved 1179648K
  class space    used 13747K, committed 14400K, reserved 1048576K
}
Event: 55.580 GC heap before
{Heap before GC invocations=36 (full 0):
 garbage-first heap   total 130048K, used 106377K [0x00000000c0000000, 0x0000000100000000)
  region size 1024K, 23 young (23552K), 3 survivors (3072K)
 Metaspace       used 94313K, committed 96064K, reserved 1179648K
  class space    used 13749K, committed 14400K, reserved 1048576K
}
Event: 55.590 GC heap after
{Heap after GC invocations=37 (full 0):
 garbage-first heap   total 130048K, used 96256K [0x00000000c0000000, 0x0000000100000000)
  region size 1024K, 3 young (3072K), 3 survivors (3072K)
 Metaspace       used 94313K, committed 96064K, reserved 1179648K
  class space    used 13749K, committed 14400K, reserved 1048576K
}
Event: 55.851 GC heap before
{Heap before GC invocations=37 (full 0):
 garbage-first heap   total 130048K, used 110592K [0x00000000c0000000, 0x0000000100000000)
  region size 1024K, 17 young (17408K), 3 survivors (3072K)
 Metaspace       used 94313K, committed 96064K, reserved 1179648K
  class space    used 13749K, committed 14400K, reserved 1048576K
}
Event: 55.856 GC heap after
{Heap after GC invocations=38 (full 0):
 garbage-first heap   total 130048K, used 106496K [0x00000000c0000000, 0x0000000100000000)
  region size 1024K, 3 young (3072K), 3 survivors (3072K)
 Metaspace       used 94313K, committed 96064K, reserved 1179648K
  class space    used 13749K, committed 14400K, reserved 1048576K
}
Event: 56.042 GC heap before
{Heap before GC invocations=39 (full 0):
 garbage-first heap   total 184320K, used 115712K [0x00000000c0000000, 0x0000000100000000)
  region size 1024K, 12 young (12288K), 3 survivors (3072K)
 Metaspace       used 94263K, committed 96064K, reserved 1179648K
  class space    used 13736K, committed 14400K, reserved 1048576K
}
Event: 56.046 GC heap after
{Heap after GC invocations=40 (full 0):
 garbage-first heap   total 184320K, used 113006K [0x00000000c0000000, 0x0000000100000000)
  region size 1024K, 2 young (2048K), 2 survivors (2048K)
 Metaspace       used 94263K, committed 96064K, reserved 1179648K
  class space    used 13736K, committed 14400K, reserved 1048576K
}
Event: 57.029 GC heap before
{Heap before GC invocations=40 (full 0):
 garbage-first heap   total 184320K, used 141678K [0x00000000c0000000, 0x0000000100000000)
  region size 1024K, 30 young (30720K), 2 survivors (2048K)
 Metaspace       used 94263K, committed 96064K, reserved 1179648K
  class space    used 13736K, committed 14400K, reserved 1048576K
}
Event: 57.036 GC heap after
{Heap after GC invocations=41 (full 0):
 garbage-first heap   total 184320K, used 130048K [0x00000000c0000000, 0x0000000100000000)
  region size 1024K, 4 young (4096K), 4 survivors (4096K)
 Metaspace       used 94263K, committed 96064K, reserved 1179648K
  class space    used 13736K, committed 14400K, reserved 1048576K
}
Event: 57.442 GC heap before
{Heap before GC invocations=41 (full 0):
 garbage-first heap   total 184320K, used 151552K [0x00000000c0000000, 0x0000000100000000)
  region size 1024K, 25 young (25600K), 4 survivors (4096K)
 Metaspace       used 94263K, committed 96064K, reserved 1179648K
  class space    used 13736K, committed 14400K, reserved 1048576K
}
Event: 57.448 GC heap after
{Heap after GC invocations=42 (full 0):
 garbage-first heap   total 184320K, used 144384K [0x00000000c0000000, 0x0000000100000000)
  region size 1024K, 4 young (4096K), 4 survivors (4096K)
 Metaspace       used 94263K, committed 96064K, reserved 1179648K
  class space    used 13736K, committed 14400K, reserved 1048576K
}

